http://localhost:8080/nbi/deliverysession?id=9 SessionId 9 is started at 2018年6月28日1时42分39秒
http://localhost:8080/nbi/deliverysession?id=9 SessionId 9 is alived begin at 2018年6月28日1时42分39秒
http://localhost:8080/nbi/deliverysession?id=9 SessionId 9 is alived begin at 2018年6月28日1时42分39秒
http://localhost:8080/nbi/deliverysession?id=9 SessionId 9 is alived begin at 2018年6月28日1时42分39秒
http://localhost:8080/nbi/deliverysession?id=9 SessionId 9 is alived begin at 2018年6月28日1时42分39秒
http://localhost:8080/nbi/deliverysession?id=9 SessionId 9 is alived begin at 2018年6月28日1时42分39秒
http://localhost:8080/nbi/deliverysession?id=9 SessionId 9 is stoped now 2018年6月28日1时42分49秒
http://localhost:8080/nbi/deliverysession?id=9 会话结束！
http://localhost:8080/nbi/deliverysession?id=7 SessionId 7 is started at 2018年6月28日1时43分18秒
http://localhost:8080/nbi/deliverysession?id=7 SessionId 7 is alived begin at 2018年6月28日1时43分18秒
http://localhost:8080/nbi/deliverysession?id=7 SessionId 7 is alived begin at 2018年6月28日1时43分18秒
http://localhost:8080/nbi/deliverysession?id=7 SessionId 7 is alived begin at 2018年6月28日1时43分18秒
http://localhost:8080/nbi/deliverysession?id=7 SessionId 7 is alived begin at 2018年6月28日1时43分18秒
http://localhost:8080/nbi/deliverysession?id=7 SessionId 7 is alived begin at 2018年6月28日1时43分18秒
http://localhost:8080/nbi/deliverysession?id=7 会议时间重置在15后结束
http://localhost:8080/nbi/deliverysession?id=7 SessionId 7 is alived begin at 2018年6月28日1时43分27秒
http://localhost:8080/nbi/deliverysession?id=7 SessionId 7 is alived begin at 2018年6月28日1时43分27秒
http://localhost:8080/nbi/deliverysession?id=7 SessionId 7 is alived begin at 2018年6月28日1时43分27秒
http://localhost:8080/nbi/deliverysession?id=7 SessionId 7 is alived begin at 2018年6月28日1时43分27秒
http://localhost:8080/nbi/deliverysession?id=7 SessionId 7 is alived begin at 2018年6月28日1时43分27秒
http://localhost:8080/nbi/deliverysession?id=7 SessionId 7 is alived begin at 2018年6月28日1时43分27秒
http://localhost:8080/nbi/deliverysession?id=7 SessionId 7 is alived begin at 2018年6月28日1时43分27秒
http://localhost:8080/nbi/deliverysession?id=7 SessionId 7 is stoped now 2018年6月28日1时43分42秒
http://localhost:8080/nbi/deliverysession?id=7 会话结束！
